<?xml version="1.0" encoding="UTF-8"?>
<testng-results skipped="0" failed="0" total="1" passed="1">
  <reporter-output>
  </reporter-output>
  <suite name="Default suite" duration-ms="9338" started-at="2024-06-28T13:58:19Z" finished-at="2024-06-28T13:58:28Z">
    <groups>
    </groups>
    <test name="Default test" duration-ms="9338" started-at="2024-06-28T13:58:19Z" finished-at="2024-06-28T13:58:28Z">
      <class name="APITesting.APITesting.TestPostMethodClass">
        <test-method status="PASS" signature="postMethod()[pri:0, instance:APITesting.APITesting.TestPostMethodClass@6973bf95]" name="postMethod" duration-ms="9327" started-at="2024-06-28T19:28:19Z" finished-at="2024-06-28T19:28:28Z">
          <reporter-output>
          </reporter-output>
        </test-method> <!-- postMethod -->
      </class> <!-- APITesting.APITesting.TestPostMethodClass -->
    </test> <!-- Default test -->
  </suite> <!-- Default suite -->
</testng-results>
